<?xml version="1.0" encoding="UTF-8"?>
<!-- Generated by org.testng.reporters.JUnitReportReporter -->
<testsuite skipped="0" hostname="DESKTOP-3HB8IKU" name="Selenium_Task.TripDatePicker" tests="1" failures="0" timestamp="31 Aug 2019 13:14:00 GMT" time="36.901" errors="0">
  <testcase name="FromValueSelection" time="36.901" classname="Selenium_Task.TripDatePicker"/>
</testsuite> <!-- Selenium_Task.TripDatePicker -->
